[    25.328] (--) Log file renamed from "/home/new/.local/share/xorg/Xorg.pid-1478.log" to "/home/new/.local/share/xorg/Xorg.0.log"
[    25.328] 
X.Org X Server 1.19.6
Release Date: 2017-12-20
[    25.328] X Protocol Version 11, Revision 0
[    25.328] Build Operating System: Linux 4.4.0-119-generic x86_64 Ubuntu
[    25.328] Current Operating System: Linux PT1200LT-V 4.15.0-20-generic #21-Ubuntu SMP Tue Apr 24 06:16:15 UTC 2018 x86_64
[    25.328] Kernel command line: BOOT_IMAGE=/boot/vmlinuz-4.15.0-20-generic root=UUID=af58df9e-3a25-47fd-bbc5-1904880d0420 ro quiet splash
[    25.328] Build Date: 13 April 2018  08:07:36PM
[    25.328] xorg-server 2:1.19.6-1ubuntu4 (For technical support please see http://www.ubuntu.com/support) 
[    25.328] Current version of pixman: 0.34.0
[    25.328] 	Before reporting problems, check http://wiki.x.org
	to make sure that you have the latest version.
[    25.328] Markers: (--) probed, (**) from config file, (==) default setting,
	(++) from command line, (!!) notice, (II) informational,
	(WW) warning, (EE) error, (NI) not implemented, (??) unknown.
[    25.328] (==) Log file: "/home/new/.local/share/xorg/Xorg.0.log", Time: Tue Feb  5 12:32:11 2019
[    25.331] (==) Using system config directory "/usr/share/X11/xorg.conf.d"
[    25.335] (==) No Layout section.  Using the first Screen section.
[    25.335] (==) No screen section available. Using defaults.
[    25.335] (**) |-->Screen "Default Screen Section" (0)
[    25.335] (**) |   |-->Monitor "<default monitor>"
[    25.336] (==) No monitor specified for screen "Default Screen Section".
	Using a default monitor configuration.
[    25.336] (==) Automatically adding devices
[    25.336] (==) Automatically enabling devices
[    25.336] (==) Automatically adding GPU devices
[    25.336] (==) Automatically binding GPU devices
[    25.336] (==) Max clients allowed: 256, resource mask: 0x1fffff
[    25.336] (WW) The directory "/usr/share/fonts/X11/cyrillic" does not exist.
[    25.336] 	Entry deleted from font path.
[    25.336] (WW) The directory "/usr/share/fonts/X11/100dpi/" does not exist.
[    25.336] 	Entry deleted from font path.
[    25.336] (WW) The directory "/usr/share/fonts/X11/75dpi/" does not exist.
[    25.336] 	Entry deleted from font path.
[    25.336] (WW) The directory "/usr/share/fonts/X11/100dpi" does not exist.
[    25.336] 	Entry deleted from font path.
[    25.336] (WW) The directory "/usr/share/fonts/X11/75dpi" does not exist.
[    25.336] 	Entry deleted from font path.
[    25.336] (==) FontPath set to:
	/usr/share/fonts/X11/misc,
	/usr/share/fonts/X11/Type1,
	built-ins
[    25.336] (==) ModulePath set to "/usr/lib/xorg/modules"
[    25.336] (II) The server relies on udev to provide the list of input devices.
	If no devices become available, reconfigure udev or disable AutoAddDevices.
[    25.337] (II) Loader magic: 0x562255038020
[    25.337] (II) Module ABI versions:
[    25.337] 	X.Org ANSI C Emulation: 0.4
[    25.337] 	X.Org Video Driver: 23.0
[    25.337] 	X.Org XInput driver : 24.1
[    25.337] 	X.Org Server Extension : 10.0
[    25.338] (++) using VT number 2

[    25.342] (II) systemd-logind: took control of session /org/freedesktop/login1/session/_32
[    25.343] (II) xfree86: Adding drm device (/dev/dri/card0)
[    25.345] (II) systemd-logind: got fd for /dev/dri/card0 226:0 fd 12 paused 0
[    25.346] (--) PCI:*(0:0:2:0) 80ee:beef:0000:0000 rev 0, Mem @ 0xe0000000/16777216, BIOS @ 0x????????/131072
[    25.346] (II) LoadModule: "glx"
[    25.351] (II) Loading /usr/lib/xorg/modules/extensions/libglx.so
[    25.360] (II) Module glx: vendor="X.Org Foundation"
[    25.360] 	compiled for 1.19.6, module version = 1.0.0
[    25.360] 	ABI class: X.Org Server Extension, version 10.0
[    25.360] (==) Matched vboxvideo as autoconfigured driver 0
[    25.360] (==) Matched vboxvideo as autoconfigured driver 1
[    25.360] (==) Matched modesetting as autoconfigured driver 2
[    25.360] (==) Matched fbdev as autoconfigured driver 3
[    25.360] (==) Matched vesa as autoconfigured driver 4
[    25.360] (==) Assigned the driver to the xf86ConfigLayout
[    25.360] (II) LoadModule: "vboxvideo"
[    25.364] (WW) Warning, couldn't open module vboxvideo
[    25.364] (II) UnloadModule: "vboxvideo"
[    25.364] (II) Unloading vboxvideo
[    25.364] (EE) Failed to load module "vboxvideo" (module does not exist, 0)
[    25.364] (II) LoadModule: "modesetting"
[    25.364] (II) Loading /usr/lib/xorg/modules/drivers/modesetting_drv.so
[    25.367] (II) Module modesetting: vendor="X.Org Foundation"
[    25.367] 	compiled for 1.19.6, module version = 1.19.6
[    25.367] 	Module class: X.Org Video Driver
[    25.367] 	ABI class: X.Org Video Driver, version 23.0
[    25.367] (II) LoadModule: "fbdev"
[    25.367] (II) Loading /usr/lib/xorg/modules/drivers/fbdev_drv.so
[    25.368] (II) Module fbdev: vendor="X.Org Foundation"
[    25.368] 	compiled for 1.19.3, module version = 0.4.4
[    25.368] 	Module class: X.Org Video Driver
[    25.368] 	ABI class: X.Org Video Driver, version 23.0
[    25.368] (II) LoadModule: "vesa"
[    25.368] (II) Loading /usr/lib/xorg/modules/drivers/vesa_drv.so
[    25.371] (II) Module vesa: vendor="X.Org Foundation"
[    25.371] 	compiled for 1.19.3, module version = 2.3.4
[    25.371] 	Module class: X.Org Video Driver
[    25.371] 	ABI class: X.Org Video Driver, version 23.0
[    25.371] (==) Matched vboxvideo as autoconfigured driver 0
[    25.371] (==) Matched vboxvideo as autoconfigured driver 1
[    25.371] (==) Matched modesetting as autoconfigured driver 2
[    25.371] (==) Matched fbdev as autoconfigured driver 3
[    25.371] (==) Matched vesa as autoconfigured driver 4
[    25.371] (==) Assigned the driver to the xf86ConfigLayout
[    25.371] (II) LoadModule: "vboxvideo"
[    25.371] (WW) Warning, couldn't open module vboxvideo
[    25.371] (II) UnloadModule: "vboxvideo"
[    25.371] (II) Unloading vboxvideo
[    25.371] (EE) Failed to load module "vboxvideo" (module does not exist, 0)
[    25.371] (II) LoadModule: "modesetting"
[    25.371] (II) Loading /usr/lib/xorg/modules/drivers/modesetting_drv.so
[    25.371] (II) Module modesetting: vendor="X.Org Foundation"
[    25.371] 	compiled for 1.19.6, module version = 1.19.6
[    25.371] 	Module class: X.Org Video Driver
[    25.371] 	ABI class: X.Org Video Driver, version 23.0
[    25.372] (II) UnloadModule: "modesetting"
[    25.372] (II) Unloading modesetting
[    25.372] (II) Failed to load module "modesetting" (already loaded, 0)
[    25.372] (II) LoadModule: "fbdev"
[    25.373] (II) Loading /usr/lib/xorg/modules/drivers/fbdev_drv.so
[    25.373] (II) Module fbdev: vendor="X.Org Foundation"
[    25.373] 	compiled for 1.19.3, module version = 0.4.4
[    25.373] 	Module class: X.Org Video Driver
[    25.373] 	ABI class: X.Org Video Driver, version 23.0
[    25.373] (II) UnloadModule: "fbdev"
[    25.373] (II) Unloading fbdev
[    25.373] (II) Failed to load module "fbdev" (already loaded, 0)
[    25.373] (II) LoadModule: "vesa"
[    25.373] (II) Loading /usr/lib/xorg/modules/drivers/vesa_drv.so
[    25.373] (II) Module vesa: vendor="X.Org Foundation"
[    25.373] 	compiled for 1.19.3, module version = 2.3.4
[    25.373] 	Module class: X.Org Video Driver
[    25.373] 	ABI class: X.Org Video Driver, version 23.0
[    25.373] (II) UnloadModule: "vesa"
[    25.373] (II) Unloading vesa
[    25.373] (II) Failed to load module "vesa" (already loaded, 0)
[    25.373] (II) modesetting: Driver for Modesetting Kernel Drivers: kms
[    25.373] (II) FBDEV: driver for framebuffer: fbdev
[    25.373] (II) VESA: driver for VESA chipsets: vesa
[    25.378] xf86EnableIOPorts: failed to set IOPL for I/O (Operation not permitted)
[    25.378] (II) modeset(0): using drv /dev/dri/card0
[    25.378] (WW) Falling back to old probe method for fbdev
[    25.378] (II) Loading sub module "fbdevhw"
[    25.378] (II) LoadModule: "fbdevhw"
[    25.378] (II) Loading /usr/lib/xorg/modules/libfbdevhw.so
[    25.382] (II) Module fbdevhw: vendor="X.Org Foundation"
[    25.382] 	compiled for 1.19.6, module version = 0.0.2
[    25.382] 	ABI class: X.Org Video Driver, version 23.0
[    25.382] (EE) open /dev/fb0: Permission denied
[    25.382] (WW) Falling back to old probe method for vesa
[    25.382] (WW) VGA arbiter: cannot open kernel arbiter, no multi-card support
[    25.382] (II) modeset(0): Creating default Display subsection in Screen section
	"Default Screen Section" for depth/fbbpp 24/32
[    25.382] (==) modeset(0): Depth 24, (==) framebuffer bpp 32
[    25.382] (==) modeset(0): RGB weight 888
[    25.382] (==) modeset(0): Default visual is TrueColor
[    25.382] (II) Loading sub module "glamoregl"
[    25.382] (II) LoadModule: "glamoregl"
[    25.382] (II) Loading /usr/lib/xorg/modules/libglamoregl.so
[    25.399] (II) Module glamoregl: vendor="X.Org Foundation"
[    25.399] 	compiled for 1.19.6, module version = 1.0.0
[    25.399] 	ABI class: X.Org ANSI C Emulation, version 0.4
[    25.399] (II) glamor: OpenGL accelerated X.org driver based.
[    25.495] (II) glamor: EGL version 1.4 (DRI2):
[    25.495] EGL_MESA_drm_image required.
[    25.497] (EE) modeset(0): glamor initialization failed
[    25.497] (II) modeset(0): ShadowFB: preferred NO, enabled NO
[    25.500] (II) modeset(0): Output VGA-1 has no monitor section
[    25.501] (II) modeset(0): EDID for output VGA-1
[    25.501] (II) modeset(0): Manufacturer: VBX  Model: 0  Serial#: 43517270
[    25.501] (II) modeset(0): Year: 1990  Week: 1
[    25.501] (II) modeset(0): EDID Version: 1.3
[    25.501] (II) modeset(0): Digital Display Input
[    25.501] (II) modeset(0): Indeterminate output size
[    25.504] (II) modeset(0): Gamma: 2.20
[    25.504] (II) modeset(0): DPMS capabilities: StandBy Suspend Off
[    25.505] (II) modeset(0): Supported color encodings: RGB 4:4:4 YCrCb 4:4:4 
[    25.505] (II) modeset(0): Default color space is primary color space
[    25.505] (II) modeset(0): First detailed timing is preferred mode
[    25.505] (II) modeset(0): redX: 0.640 redY: 0.330   greenX: 0.300 greenY: 0.600
[    25.505] (II) modeset(0): blueX: 0.150 blueY: 0.060   whiteX: 0.312 whiteY: 0.329
[    25.505] (II) modeset(0): Manufacturer's mask: 0
[    25.505] (II) modeset(0): Supported detailed timing:
[    25.507] (II) modeset(0): clock: 55.1 MHz   Image Size:  0 x 0 mm
[    25.507] (II) modeset(0): h_active: 1366  h_sync: 1368  h_sync_end 1370 h_blank_end 1372 h_border: 0
[    25.507] (II) modeset(0): v_active: 664  v_sync: 664  v_sync_end 698 v_blanking: 670 v_border: 0
[    25.507] (II) modeset(0): Ranges: V min: 0 V max: 200 Hz, H min: 0 H max: 200 kHz, PixClock max 1005 MHz
[    25.507] (II) modeset(0): Monitor name: VBOX monitor
[    25.507] (II) modeset(0): EDID (in hex):
[    25.507] (II) modeset(0): 	00ffffffffffff005858000056059802
[    25.508] (II) modeset(0): 	0100010380000078eeee91a3544c9926
[    25.508] (II) modeset(0): 	0f505400000001010101010101010101
[    25.508] (II) modeset(0): 	0101010101018b155606509806200202
[    25.508] (II) modeset(0): 	0202000000000000000000fd0000c800
[    25.509] (II) modeset(0): 	c864000a202020202020000000fc0056
[    25.509] (II) modeset(0): 	424f58206d6f6e69746f720a00000010
[    25.509] (II) modeset(0): 	000a202020202020202020202020005e
[    25.509] (II) modeset(0): Printing probed modes for output VGA-1
[    25.509] (II) modeset(0): Modeline "1360x664"x60.0   72.84  1360 1424 1560 1760  664 667 677 690 -hsync +vsync (41.4 kHz P)
[    25.509] (II) modeset(0): Modeline "2560x1600"x60.0  348.50  2560 2752 3032 3504  1600 1603 1609 1658 -hsync +vsync (99.5 kHz e)
[    25.509] (II) modeset(0): Modeline "2560x1600"x60.0  268.50  2560 2608 2640 2720  1600 1603 1609 1646 +hsync -vsync (98.7 kHz e)
[    25.509] (II) modeset(0): Modeline "1920x1440"x60.0  234.00  1920 2048 2256 2600  1440 1441 1444 1500 -hsync +vsync (90.0 kHz e)
[    25.510] (II) modeset(0): Modeline "1856x1392"x60.0  218.25  1856 1952 2176 2528  1392 1393 1396 1439 -hsync +vsync (86.3 kHz e)
[    25.510] (II) modeset(0): Modeline "1792x1344"x60.0  204.75  1792 1920 2120 2448  1344 1345 1348 1394 -hsync +vsync (83.6 kHz e)
[    25.510] (II) modeset(0): Modeline "2048x1152"x60.0  162.00  2048 2074 2154 2250  1152 1153 1156 1200 +hsync +vsync (72.0 kHz e)
[    25.510] (II) modeset(0): Modeline "1920x1200"x59.9  193.25  1920 2056 2256 2592  1200 1203 1209 1245 -hsync +vsync (74.6 kHz e)
[    25.510] (II) modeset(0): Modeline "1920x1200"x60.0  154.00  1920 1968 2000 2080  1200 1203 1209 1235 +hsync -vsync (74.0 kHz e)
[    25.510] (II) modeset(0): Modeline "1920x1080"x60.0  148.50  1920 2008 2052 2200  1080 1084 1089 1125 -hsync -vsync (67.5 kHz e)
[    25.510] (II) modeset(0): Modeline "1600x1200"x60.0  162.00  1600 1664 1856 2160  1200 1201 1204 1250 +hsync +vsync (75.0 kHz e)
[    25.510] (II) modeset(0): Modeline "1680x1050"x60.0  146.25  1680 1784 1960 2240  1050 1053 1059 1089 -hsync +vsync (65.3 kHz e)
[    25.510] (II) modeset(0): Modeline "1680x1050"x59.9  119.00  1680 1728 1760 1840  1050 1053 1059 1080 +hsync -vsync (64.7 kHz e)
[    25.510] (II) modeset(0): Modeline "1400x1050"x60.0  121.75  1400 1488 1632 1864  1050 1053 1057 1089 -hsync +vsync (65.3 kHz e)
[    25.510] (II) modeset(0): Modeline "1400x1050"x59.9  101.00  1400 1448 1480 1560  1050 1053 1057 1080 +hsync -vsync (64.7 kHz e)
[    25.510] (II) modeset(0): Modeline "1600x900"x60.0  108.00  1600 1624 1704 1800  900 901 904 1000 +hsync +vsync (60.0 kHz e)
[    25.510] (II) modeset(0): Modeline "1280x1024"x60.0  108.00  1280 1328 1440 1688  1024 1025 1028 1066 +hsync +vsync (64.0 kHz e)
[    25.511] (II) modeset(0): Modeline "1440x900"x59.9  106.50  1440 1520 1672 1904  900 903 909 934 -hsync +vsync (55.9 kHz e)
[    25.511] (II) modeset(0): Modeline "1440x900"x59.9   88.75  1440 1488 1520 1600  900 903 909 926 +hsync -vsync (55.5 kHz e)
[    25.511] (II) modeset(0): Modeline "1280x960"x60.0  108.00  1280 1376 1488 1800  960 961 964 1000 +hsync +vsync (60.0 kHz e)
[    25.511] (II) modeset(0): Modeline "1366x768"x59.8   85.50  1366 1436 1579 1792  768 771 774 798 +hsync +vsync (47.7 kHz e)
[    25.511] (II) modeset(0): Modeline "1366x768"x60.0   72.00  1366 1380 1436 1500  768 769 772 800 +hsync +vsync (48.0 kHz e)
[    25.511] (II) modeset(0): Modeline "1360x768"x60.0   85.50  1360 1424 1536 1792  768 771 777 795 +hsync +vsync (47.7 kHz e)
[    25.511] (II) modeset(0): Modeline "1280x800"x59.8   83.50  1280 1352 1480 1680  800 803 809 831 -hsync +vsync (49.7 kHz e)
[    25.511] (II) modeset(0): Modeline "1280x800"x59.9   71.00  1280 1328 1360 1440  800 803 809 823 +hsync -vsync (49.3 kHz e)
[    25.511] (II) modeset(0): Modeline "1280x768"x59.9   79.50  1280 1344 1472 1664  768 771 778 798 -hsync +vsync (47.8 kHz e)
[    25.511] (II) modeset(0): Modeline "1280x768"x60.0   68.25  1280 1328 1360 1440  768 771 778 790 +hsync -vsync (47.4 kHz e)
[    25.511] (II) modeset(0): Modeline "1280x720"x60.0   74.25  1280 1390 1430 1650  720 725 730 750 +hsync +vsync (45.0 kHz e)
[    25.511] (II) modeset(0): Modeline "1024x768"x60.0   65.00  1024 1048 1184 1344  768 771 777 806 -hsync -vsync (48.4 kHz e)
[    25.511] (II) modeset(0): Modeline "800x600"x60.3   40.00  800 840 968 1056  600 601 605 628 +hsync +vsync (37.9 kHz e)
[    25.511] (II) modeset(0): Modeline "800x600"x56.2   36.00  800 824 896 1024  600 601 603 625 +hsync +vsync (35.2 kHz e)
[    25.511] (II) modeset(0): Modeline "848x480"x60.0   33.75  848 864 976 1088  480 486 494 517 +hsync +vsync (31.0 kHz e)
[    25.511] (II) modeset(0): Modeline "640x480"x59.9   25.18  640 656 752 800  480 490 492 525 -hsync -vsync (31.5 kHz e)
[    25.511] (II) modeset(0): Output VGA-1 connected
[    25.511] (II) modeset(0): Using exact sizes for initial modes
[    25.511] (II) modeset(0): Output VGA-1 using initial mode 1360x664 +0+0
[    25.511] (==) modeset(0): Using gamma correction (1.0, 1.0, 1.0)
[    25.511] (==) modeset(0): DPI set to (96, 96)
[    25.511] (II) Loading sub module "fb"
[    25.511] (II) LoadModule: "fb"
[    25.511] (II) Loading /usr/lib/xorg/modules/libfb.so
[    25.518] (II) Module fb: vendor="X.Org Foundation"
[    25.518] 	compiled for 1.19.6, module version = 1.0.0
[    25.518] 	ABI class: X.Org ANSI C Emulation, version 0.4
[    25.518] (II) UnloadModule: "fbdev"
[    25.518] (II) Unloading fbdev
[    25.518] (II) UnloadSubModule: "fbdevhw"
[    25.518] (II) Unloading fbdevhw
[    25.518] (II) UnloadModule: "vesa"
[    25.518] (II) Unloading vesa
[    25.518] (==) Depth 24 pixmap format is 32 bpp
[    25.521] (==) modeset(0): Backing store enabled
[    25.521] (==) modeset(0): Silken mouse enabled
[    25.522] (II) modeset(0): RandR 1.2 enabled, ignore the following RandR disabled message.
[    25.522] (==) modeset(0): DPMS enabled
[    25.522] (--) RandR disabled
[    25.530] (II) SELinux: Disabled on system
[    25.531] (II) AIGLX: Screen 0 is not DRI2 capable
[    25.532] (EE) AIGLX: reverting to software rendering
[    25.537] (II) IGLX: enabled GLX_MESA_copy_sub_buffer
[    25.550] (II) IGLX: Loaded and initialized swrast
[    25.550] (II) GLX: Initialized DRISWRAST GL provider for screen 0
[    25.550] (II) modeset(0): Damage tracking initialized
[    25.550] (II) modeset(0): Setting screen physical size to 359 x 175
[    25.632] (II) config/udev: Adding input device Power Button (/dev/input/event0)
[    25.632] (**) Power Button: Applying InputClass "libinput keyboard catchall"
[    25.632] (II) LoadModule: "libinput"
[    25.632] (II) Loading /usr/lib/xorg/modules/input/libinput_drv.so
[    25.637] (II) Module libinput: vendor="X.Org Foundation"
[    25.637] 	compiled for 1.19.6, module version = 0.27.1
[    25.637] 	Module class: X.Org XInput Driver
[    25.637] 	ABI class: X.Org XInput driver, version 24.1
[    25.637] (II) Using input driver 'libinput' for 'Power Button'
[    25.647] (II) systemd-logind: got fd for /dev/input/event0 13:64 fd 20 paused 0
[    25.647] (**) Power Button: always reports core events
[    25.647] (**) Option "Device" "/dev/input/event0"
[    25.647] (**) Option "_source" "server/udev"
[    25.647] (II) event0  - Power Button: is tagged by udev as: Keyboard
[    25.647] (II) event0  - Power Button: device is a keyboard
[    25.647] (II) event0  - Power Button: device removed
[    25.647] (**) Option "config_info" "udev:/sys/devices/LNXSYSTM:00/LNXPWRBN:00/input/input0/event0"
[    25.647] (II) XINPUT: Adding extended input device "Power Button" (type: KEYBOARD, id 6)
[    25.647] (**) Option "xkb_model" "pc105"
[    25.647] (**) Option "xkb_layout" "us"
[    25.648] (II) event0  - Power Button: is tagged by udev as: Keyboard
[    25.648] (II) event0  - Power Button: device is a keyboard
[    25.648] (II) config/udev: Adding input device Sleep Button (/dev/input/event1)
[    25.648] (**) Sleep Button: Applying InputClass "libinput keyboard catchall"
[    25.648] (II) Using input driver 'libinput' for 'Sleep Button'
[    25.655] (II) systemd-logind: got fd for /dev/input/event1 13:65 fd 23 paused 0
[    25.655] (**) Sleep Button: always reports core events
[    25.655] (**) Option "Device" "/dev/input/event1"
[    25.656] (**) Option "_source" "server/udev"
[    25.657] (II) event1  - Sleep Button: is tagged by udev as: Keyboard
[    25.657] (II) event1  - Sleep Button: device is a keyboard
[    25.657] (II) event1  - Sleep Button: device removed
[    25.658] (**) Option "config_info" "udev:/sys/devices/LNXSYSTM:00/LNXSLPBN:00/input/input1/event1"
[    25.658] (II) XINPUT: Adding extended input device "Sleep Button" (type: KEYBOARD, id 7)
[    25.658] (**) Option "xkb_model" "pc105"
[    25.659] (**) Option "xkb_layout" "us"
[    25.660] (II) event1  - Sleep Button: is tagged by udev as: Keyboard
[    25.660] (II) event1  - Sleep Button: device is a keyboard
[    25.669] (II) config/udev: Adding input device Video Bus (/dev/input/event3)
[    25.670] (**) Video Bus: Applying InputClass "libinput keyboard catchall"
[    25.670] (II) Using input driver 'libinput' for 'Video Bus'
[    25.671] (II) systemd-logind: got fd for /dev/input/event3 13:67 fd 24 paused 0
[    25.671] (**) Video Bus: always reports core events
[    25.671] (**) Option "Device" "/dev/input/event3"
[    25.671] (**) Option "_source" "server/udev"
[    25.672] (II) event3  - Video Bus: is tagged by udev as: Keyboard
[    25.672] (II) event3  - Video Bus: device is a keyboard
[    25.672] (II) event3  - Video Bus: device removed
[    25.672] (**) Option "config_info" "udev:/sys/devices/LNXSYSTM:00/LNXSYBUS:00/PNP0A03:00/LNXVIDEO:00/input/input4/event3"
[    25.673] (II) XINPUT: Adding extended input device "Video Bus" (type: KEYBOARD, id 8)
[    25.673] (**) Option "xkb_model" "pc105"
[    25.674] (**) Option "xkb_layout" "us"
[    25.675] (II) event3  - Video Bus: is tagged by udev as: Keyboard
[    25.675] (II) event3  - Video Bus: device is a keyboard
[    25.675] (II) config/udev: Adding input device VirtualBox mouse integration (/dev/input/event6)
[    25.676] (**) VirtualBox mouse integration: Applying InputClass "libinput pointer catchall"
[    25.676] (II) Using input driver 'libinput' for 'VirtualBox mouse integration'
[    25.677] (II) systemd-logind: got fd for /dev/input/event6 13:70 fd 25 paused 0
[    25.677] (**) VirtualBox mouse integration: always reports core events
[    25.680] (**) Option "Device" "/dev/input/event6"
[    25.681] (**) Option "_source" "server/udev"
[    25.682] (II) event6  - VirtualBox mouse integration: is tagged by udev as: Mouse
[    25.682] (II) event6  - VirtualBox mouse integration: device is a pointer
[    25.682] (II) event6  - VirtualBox mouse integration: device removed
[    25.682] (**) Option "config_info" "udev:/sys/devices/pci0000:00/0000:00:04.0/input/input7/event6"
[    25.683] (II) XINPUT: Adding extended input device "VirtualBox mouse integration" (type: MOUSE, id 9)
[    25.683] (**) Option "AccelerationScheme" "none"
[    25.683] (**) VirtualBox mouse integration: (accel) selected scheme none/0
[    25.683] (**) VirtualBox mouse integration: (accel) acceleration factor: 2.000
[    25.683] (**) VirtualBox mouse integration: (accel) acceleration threshold: 4
[    25.685] (II) event6  - VirtualBox mouse integration: is tagged by udev as: Mouse
[    25.685] (II) event6  - VirtualBox mouse integration: device is a pointer
[    25.688] (II) config/udev: Adding input device VirtualBox mouse integration (/dev/input/js1)
[    25.688] (II) No input driver specified, ignoring this device.
[    25.688] (II) This device may have been added with another device file.
[    25.690] (II) config/udev: Adding input device VirtualBox USB Tablet (/dev/input/event5)
[    25.690] (**) VirtualBox USB Tablet: Applying InputClass "libinput pointer catchall"
[    25.690] (II) Using input driver 'libinput' for 'VirtualBox USB Tablet'
[    25.748] (II) systemd-logind: got fd for /dev/input/event5 13:69 fd 26 paused 0
[    25.748] (**) VirtualBox USB Tablet: always reports core events
[    25.748] (**) Option "Device" "/dev/input/event5"
[    25.748] (**) Option "_source" "server/udev"
[    25.749] (II) event5  - VirtualBox USB Tablet: is tagged by udev as: Mouse
[    25.749] (II) event5  - VirtualBox USB Tablet: device is a pointer
[    25.749] (II) event5  - VirtualBox USB Tablet: device removed
[    25.749] (**) Option "config_info" "udev:/sys/devices/pci0000:00/0000:00:06.0/usb1/1-1/1-1:1.0/0003:80EE:0021.0001/input/input6/event5"
[    25.749] (II) XINPUT: Adding extended input device "VirtualBox USB Tablet" (type: MOUSE, id 10)
[    25.749] (**) Option "AccelerationScheme" "none"
[    25.749] (**) VirtualBox USB Tablet: (accel) selected scheme none/0
[    25.749] (**) VirtualBox USB Tablet: (accel) acceleration factor: 2.000
[    25.749] (**) VirtualBox USB Tablet: (accel) acceleration threshold: 4
[    25.750] (II) event5  - VirtualBox USB Tablet: is tagged by udev as: Mouse
[    25.750] (II) event5  - VirtualBox USB Tablet: device is a pointer
[    25.750] (II) config/udev: Adding input device VirtualBox USB Tablet (/dev/input/js0)
[    25.750] (II) No input driver specified, ignoring this device.
[    25.750] (II) This device may have been added with another device file.
[    25.751] (II) config/udev: Adding input device VirtualBox USB Tablet (/dev/input/mouse1)
[    25.751] (II) No input driver specified, ignoring this device.
[    25.751] (II) This device may have been added with another device file.
[    25.751] (II) config/udev: Adding input device AT Translated Set 2 keyboard (/dev/input/event2)
[    25.751] (**) AT Translated Set 2 keyboard: Applying InputClass "libinput keyboard catchall"
[    25.751] (II) Using input driver 'libinput' for 'AT Translated Set 2 keyboard'
[    25.753] (II) systemd-logind: got fd for /dev/input/event2 13:66 fd 27 paused 0
[    25.753] (**) AT Translated Set 2 keyboard: always reports core events
[    25.753] (**) Option "Device" "/dev/input/event2"
[    25.753] (**) Option "_source" "server/udev"
[    25.753] (II) event2  - AT Translated Set 2 keyboard: is tagged by udev as: Keyboard
[    25.753] (II) event2  - AT Translated Set 2 keyboard: device is a keyboard
[    25.753] (II) event2  - AT Translated Set 2 keyboard: device removed
[    25.753] (**) Option "config_info" "udev:/sys/devices/platform/i8042/serio0/input/input2/event2"
[    25.753] (II) XINPUT: Adding extended input device "AT Translated Set 2 keyboard" (type: KEYBOARD, id 11)
[    25.753] (**) Option "xkb_model" "pc105"
[    25.753] (**) Option "xkb_layout" "us"
[    25.758] (II) event2  - AT Translated Set 2 keyboard: is tagged by udev as: Keyboard
[    25.758] (II) event2  - AT Translated Set 2 keyboard: device is a keyboard
[    25.760] (II) config/udev: Adding input device ImExPS/2 Generic Explorer Mouse (/dev/input/event4)
[    25.760] (**) ImExPS/2 Generic Explorer Mouse: Applying InputClass "libinput pointer catchall"
[    25.760] (II) Using input driver 'libinput' for 'ImExPS/2 Generic Explorer Mouse'
[    25.761] (II) systemd-logind: got fd for /dev/input/event4 13:68 fd 28 paused 0
[    25.761] (**) ImExPS/2 Generic Explorer Mouse: always reports core events
[    25.761] (**) Option "Device" "/dev/input/event4"
[    25.762] (**) Option "_source" "server/udev"
[    25.764] (II) event4  - ImExPS/2 Generic Explorer Mouse: is tagged by udev as: Mouse
[    25.764] (II) event4  - ImExPS/2 Generic Explorer Mouse: device is a pointer
[    25.764] (II) event4  - ImExPS/2 Generic Explorer Mouse: device removed
[    25.768] (**) Option "config_info" "udev:/sys/devices/platform/i8042/serio1/input/input5/event4"
[    25.768] (II) XINPUT: Adding extended input device "ImExPS/2 Generic Explorer Mouse" (type: MOUSE, id 12)
[    25.768] (**) Option "AccelerationScheme" "none"
[    25.769] (**) ImExPS/2 Generic Explorer Mouse: (accel) selected scheme none/0
[    25.769] (**) ImExPS/2 Generic Explorer Mouse: (accel) acceleration factor: 2.000
[    25.769] (**) ImExPS/2 Generic Explorer Mouse: (accel) acceleration threshold: 4
[    25.770] (II) event4  - ImExPS/2 Generic Explorer Mouse: is tagged by udev as: Mouse
[    25.771] (II) event4  - ImExPS/2 Generic Explorer Mouse: device is a pointer
[    25.772] (II) config/udev: Adding input device ImExPS/2 Generic Explorer Mouse (/dev/input/mouse0)
[    25.772] (II) No input driver specified, ignoring this device.
[    25.772] (II) This device may have been added with another device file.
[    26.393] (II) modeset(0): EDID vendor "VBX", prod id 0
[    26.394] (II) modeset(0): DDCModeFromDetailedTiming: 1366x664 Warning: We only handle separate sync.
[    26.394] (II) modeset(0): Using EDID range info for horizontal sync
[    26.394] (II) modeset(0): Using EDID range info for vertical refresh
[    26.401] (II) modeset(0): EDID vendor "VBX", prod id 0
[    26.401] (II) modeset(0): DDCModeFromDetailedTiming: 1366x664 Warning: We only handle separate sync.
[    26.401] (II) modeset(0): Using hsync ranges from config file
[    26.401] (II) modeset(0): Using vrefresh ranges from config file
[    26.408] (II) modeset(0): EDID vendor "VBX", prod id 0
[    26.408] (II) modeset(0): DDCModeFromDetailedTiming: 1366x664 Warning: We only handle separate sync.
[    26.408] (II) modeset(0): Using hsync ranges from config file
[    26.408] (II) modeset(0): Using vrefresh ranges from config file
[    27.090] (II) modeset(0): EDID vendor "VBX", prod id 0
[    27.090] (II) modeset(0): DDCModeFromDetailedTiming: 1366x664 Warning: We only handle separate sync.
[    27.090] (II) modeset(0): Using hsync ranges from config file
[    27.090] (II) modeset(0): Using vrefresh ranges from config file
[  1892.978] (II) event4  - ImExPS/2 Generic Explorer Mouse: Enabling spurious button debouncing, see https://wayland.freedesktop.org/libinput/doc/1.10.4/button_debouncing.html for details
[ 26427.670] (II) modeset(0): EDID vendor "VBX", prod id 0
[ 26427.670] (II) modeset(0): DDCModeFromDetailedTiming: 1366x664 Warning: We only handle separate sync.
[ 26427.670] (II) modeset(0): Using hsync ranges from config file
[ 26427.670] (II) modeset(0): Using vrefresh ranges from config file
[ 26427.691] (II) config/udev: removing device VirtualBox USB Tablet
[ 26427.691] (**) Option "fd" "26"
[ 26427.691] (II) event5  - VirtualBox USB Tablet: device removed
[ 26427.728] (II) UnloadModule: "libinput"
[ 26427.729] (II) systemd-logind: releasing fd for 13:69
[ 26427.730] (EE) systemd-logind: failed to release device: Device not taken
[ 26428.125] (II) modeset(0): EDID vendor "VBX", prod id 0
[ 26428.125] (II) modeset(0): DDCModeFromDetailedTiming: 1366x664 Warning: We only handle separate sync.
[ 26428.125] (II) modeset(0): Using hsync ranges from config file
[ 26428.125] (II) modeset(0): Using vrefresh ranges from config file
[ 26428.733] (II) config/udev: Adding input device VirtualBox USB Tablet (/dev/input/mouse1)
[ 26428.733] (II) No input driver specified, ignoring this device.
[ 26428.733] (II) This device may have been added with another device file.
[ 26428.743] (II) config/udev: Adding input device VirtualBox USB Tablet (/dev/input/js0)
[ 26428.743] (II) No input driver specified, ignoring this device.
[ 26428.743] (II) This device may have been added with another device file.
[ 26428.828] (II) config/udev: Adding input device VirtualBox USB Tablet (/dev/input/event5)
[ 26428.829] (**) VirtualBox USB Tablet: Applying InputClass "libinput pointer catchall"
[ 26428.832] (II) Using input driver 'libinput' for 'VirtualBox USB Tablet'
[ 26428.894] (II) systemd-logind: got fd for /dev/input/event5 13:69 fd 46 paused 0
[ 26428.894] (**) VirtualBox USB Tablet: always reports core events
[ 26428.894] (**) Option "Device" "/dev/input/event5"
[ 26428.894] (**) Option "_source" "server/udev"
[ 26428.896] (II) event5  - VirtualBox USB Tablet: is tagged by udev as: Mouse
[ 26428.938] (II) event5  - VirtualBox USB Tablet: device is a pointer
[ 26428.939] (II) event5  - VirtualBox USB Tablet: device removed
[ 26428.940] (**) Option "config_info" "udev:/sys/devices/pci0000:00/0000:00:06.0/usb1/1-1/1-1:1.0/0003:80EE:0021.0002/input/input8/event5"
[ 26428.940] (II) XINPUT: Adding extended input device "VirtualBox USB Tablet" (type: MOUSE, id 10)
[ 26428.952] (**) Option "AccelerationScheme" "none"
[ 26428.967] (**) VirtualBox USB Tablet: (accel) selected scheme none/0
[ 26428.967] (**) VirtualBox USB Tablet: (accel) acceleration factor: 2.000
[ 26428.968] (**) VirtualBox USB Tablet: (accel) acceleration threshold: 4
[ 26428.968] (II) event5  - VirtualBox USB Tablet: is tagged by udev as: Mouse
[ 26428.968] (II) event5  - VirtualBox USB Tablet: device is a pointer
[ 31039.769] (II) modeset(0): EDID vendor "VBX", prod id 0
[ 31039.771] (II) modeset(0): DDCModeFromDetailedTiming: 640x438 Warning: We only handle separate sync.
[ 31039.771] (II) modeset(0): Using hsync ranges from config file
[ 31039.772] (II) modeset(0): Using vrefresh ranges from config file
[ 31039.781] (II) modeset(0): Allocate new frame buffer 640x438 stride
[ 31039.887] (II) modeset(0): EDID vendor "VBX", prod id 0
[ 31039.887] (II) modeset(0): DDCModeFromDetailedTiming: 640x438 Warning: We only handle separate sync.
[ 31039.887] (II) modeset(0): Using hsync ranges from config file
[ 31039.887] (II) modeset(0): Using vrefresh ranges from config file
[ 46442.160] (II) modeset(0): EDID vendor "VBX", prod id 0
[ 46442.160] (II) modeset(0): DDCModeFromDetailedTiming: 1366x664 Warning: We only handle separate sync.
[ 46442.160] (II) modeset(0): Using hsync ranges from config file
[ 46442.160] (II) modeset(0): Using vrefresh ranges from config file
[ 46442.173] (II) modeset(0): Allocate new frame buffer 1360x664 stride
[ 46442.394] (II) modeset(0): EDID vendor "VBX", prod id 0
[ 46442.395] (II) modeset(0): DDCModeFromDetailedTiming: 1366x664 Warning: We only handle separate sync.
[ 46442.395] (II) modeset(0): Using hsync ranges from config file
[ 46442.395] (II) modeset(0): Using vrefresh ranges from config file
[ 46481.131] (**) Option "fd" "20"
[ 46481.131] (II) event0  - Power Button: device removed
[ 46481.131] (**) Option "fd" "23"
[ 46481.132] (II) event1  - Sleep Button: device removed
[ 46481.140] (**) Option "fd" "24"
[ 46481.140] (II) event3  - Video Bus: device removed
[ 46481.141] (**) Option "fd" "25"
[ 46481.141] (II) event6  - VirtualBox mouse integration: device removed
[ 46481.142] (**) Option "fd" "27"
[ 46481.142] (II) event2  - AT Translated Set 2 keyboard: device removed
[ 46481.142] (**) Option "fd" "28"
[ 46481.143] (II) event4  - ImExPS/2 Generic Explorer Mouse: device removed
[ 46481.143] (**) Option "fd" "46"
[ 46481.144] (II) event5  - VirtualBox USB Tablet: device removed
[ 46481.165] (II) UnloadModule: "libinput"
[ 46481.166] (II) systemd-logind: releasing fd for 13:69
[ 46481.452] (II) UnloadModule: "libinput"
[ 46481.452] (II) systemd-logind: releasing fd for 13:68
[ 46481.454] (II) UnloadModule: "libinput"
[ 46481.454] (II) systemd-logind: releasing fd for 13:66
[ 46481.455] (II) UnloadModule: "libinput"
[ 46481.455] (II) systemd-logind: releasing fd for 13:70
[ 46481.456] (II) UnloadModule: "libinput"
[ 46481.456] (II) systemd-logind: releasing fd for 13:67
[ 46481.456] (II) UnloadModule: "libinput"
[ 46481.456] (II) systemd-logind: releasing fd for 13:65
[ 46481.457] (II) UnloadModule: "libinput"
[ 46481.457] (II) systemd-logind: releasing fd for 13:64
[ 46481.461] (WW) xf86CloseConsole: KDSETMODE failed: Input/output error
[ 46481.461] (WW) xf86CloseConsole: VT_GETMODE failed: Input/output error
[ 46481.461] (WW) xf86CloseConsole: VT_ACTIVATE failed: Input/output error
[ 46481.471] (II) Server terminated successfully (0). Closing log file.
